<?xml version="1.0" encoding="UTF-8"?>
<!-- Generated by org.testng.reporters.JUnitReportReporter -->
<testsuite skipped="0" hostname="BDC4B-D-DMC8H92" name="com.tests.Newtest7" tests="1" failures="0" timestamp="27 Jul 2018 05:12:03 GMT" time="20.629" errors="0">
  <testcase name="testLogin" time="20.629" classname="com.tests.Newtest7"/>
</testsuite> <!-- com.tests.Newtest7 -->
