<?xml version="1.0" encoding="UTF-8"?>
<!-- Generated by org.testng.reporters.JUnitReportReporter -->
<testsuite skipped="0" hostname="BDC4B-D-DMC8H92" name="com.tests.NewTest2" tests="1" failures="0" timestamp="26 Jul 2018 07:44:38 GMT" time="15.278" errors="0">
  <testcase name="testMercuryToursLogin" time="15.278" classname="com.tests.NewTest2"/>
</testsuite> <!-- com.tests.NewTest2 -->
