<?xml version="1.0" encoding="UTF-8"?>
<!-- Generated by org.testng.reporters.JUnitReportReporter -->
<testsuite skipped="0" hostname="BDC4B-D-DMC8H92" name="com.tests.NewTest" tests="3" failures="0" timestamp="26 Jul 2018 06:45:47 GMT" time="0.016" errors="0">
  <testcase name="xyz" time="0.016" classname="com.tests.NewTest"/>
  <testcase name="testabc" time="0.000" classname="com.tests.NewTest"/>
  <testcase name="f" time="0.000" classname="com.tests.NewTest"/>
</testsuite> <!-- com.tests.NewTest -->
