<?xml version="1.0" encoding="UTF-8"?>
<!-- Generated by org.testng.reporters.JUnitReportReporter -->
<testsuite skipped="0" hostname="BDC4B-D-DMC8H92" name="com.tests.Newtest5" tests="1" failures="0" timestamp="27 Jul 2018 03:42:10 GMT" time="23.991" errors="0">
  <testcase name="test" time="23.991" classname="com.tests.Newtest5"/>
</testsuite> <!-- com.tests.Newtest5 -->
