<?xml version="1.0" encoding="UTF-8"?>
<!-- Generated by org.testng.reporters.JUnitReportReporter -->
<testsuite skipped="0" hostname="BDC4B-D-DMC8H92" name="com.tests.NewTest8" tests="1" failures="0" timestamp="27 Jul 2018 07:09:07 GMT" time="53.417" errors="0">
  <testcase name="testLogin" time="53.417" classname="com.tests.NewTest8"/>
</testsuite> <!-- com.tests.NewTest8 -->
