<?xml version="1.0" encoding="UTF-8"?>
<!-- Generated by org.testng.reporters.JUnitReportReporter -->
<testsuite skipped="0" hostname="BDC4B-D-DMC8H92" name="com.tests.NewTest4" tests="1" failures="0" timestamp="26 Jul 2018 10:58:37 GMT" time="41.044" errors="0">
  <testcase name="testClearTrip" time="41.044" classname="com.tests.NewTest4"/>
</testsuite> <!-- com.tests.NewTest4 -->
